Arguments: 
  /usr/local/bin/node /usr/local/Cellar/yarn/1.22.4/libexec/bin/yarn.js install

PATH: 
  /usr/local/bin:/usr/bin:/bin:/usr/sbin:/sbin:/Library/Apple/usr/bin

Yarn version: 
  1.22.4

Node version: 
  14.7.0

Platform: 
  darwin x64

Trace: 
  SyntaxError: /Users/waltor/cookbook/selenium/package.json: Unexpected string in JSON at position 326
      at JSON.parse (<anonymous>)
      at /usr/local/Cellar/yarn/1.22.4/libexec/lib/cli.js:1625:59
      at Generator.next (<anonymous>)
      at step (/usr/local/Cellar/yarn/1.22.4/libexec/lib/cli.js:310:30)
      at /usr/local/Cellar/yarn/1.22.4/libexec/lib/cli.js:321:13

npm manifest: 
  {
    "name": "selenium",
    "version": "1.0.0",
    "description": "",
    "scripts": {
      "start:test": "node index.js"
    },
    "keywords": [],
    "author": "",
    "license": "ISC",
    "dependencies": {
    },
    "devDependencies": {
      "selenium-webdriver": "^4.0.0-alpha.7",
      "webpack": "^4.44.1",
      "webpack-cli": "^3.3.12"
      "@typescript-eslint/eslint-plugin": "^4.0.1",
      "@typescript-eslint/parser": "^4.0.1",
      "eslint": "^7.8.1",
      "eslint-config-google": "^0.14.0",
      "eslint-plugin-react": "^7.20.6"
    }
  }

yarn manifest: 
  No manifest

Lockfile: 
  No lockfile
